# JRE version: OpenJDK Runtime Environment (8.0_202-b03) (build 1.8.0_202-release-1483-b03)
# Java VM: OpenJDK 64-Bit Server VM (25.202-b03 mixed mode windows-amd64 compressed oops)
Heap:
 PSYoungGen      total 481280K, used 309140K [0x00000000e0000000, 0x0000000100000000, 0x0000000100000000)
  eden space 451584K, 61% used [0x00000000e0000000,0x00000000f1110c08,0x00000000fb900000)
  from space 29696K, 99% used [0x00000000fb900000,0x00000000fd5d4768,0x00000000fd600000)
  to   space 37888K, 0% used [0x00000000fdb00000,0x00000000fdb00000,0x0000000100000000)
 ParOldGen       total 187904K, used 80601K [0x00000000a0000000, 0x00000000ab780000, 0x00000000e0000000)
  object space 187904K, 42% used [0x00000000a0000000,0x00000000a4eb6650,0x00000000ab780000)
 Metaspace       used 105718K, capacity 110632K, committed 110924K, reserved 1146880K
  class space    used 13186K, capacity 14126K, committed 14208K, reserved 1048576K
GC Heap History (10 events):
Event: 3933.437 GC heap before
{Heap before GC invocations=47 (full 4):
 PSYoungGen      total 489472K, used 482751K [0x00000000e0000000, 0x0000000100000000, 0x0000000100000000)
  eden space 457728K, 100% used [0x00000000e0000000,0x00000000fbf00000,0x00000000fbf00000)
  from space 31744K, 78% used [0x00000000fdf00000,0x00000000ff76fd78,0x00000000ffe00000)
  to   space 32768K, 0% used [0x00000000fbf00000,0x00000000fbf00000,0x00000000fdf00000)
 ParOldGen       total 187904K, used 79225K [0x00000000a0000000, 0x00000000ab780000, 0x00000000e0000000)
  object space 187904K, 42% used [0x00000000a0000000,0x00000000a4d5e620,0x00000000ab780000)
 Metaspace       used 105650K, capacity 110600K, committed 110924K, reserved 1146880K
  class space    used 13182K, capacity 14094K, committed 14208K, reserved 1048576K
Event: 3933.476 GC heap after
Heap after GC invocations=47 (full 4):
 PSYoungGen      total 490496K, used 25354K [0x00000000e0000000, 0x0000000100000000, 0x0000000100000000)
  eden space 457728K, 0% used [0x00000000e0000000,0x00000000e0000000,0x00000000fbf00000)
  from space 32768K, 77% used [0x00000000fbf00000,0x00000000fd7c2b40,0x00000000fdf00000)
  to   space 33792K, 0% used [0x00000000fdf00000,0x00000000fdf00000,0x0000000100000000)
 ParOldGen       total 187904K, used 79225K [0x00000000a0000000, 0x00000000ab780000, 0x00000000e0000000)
  object space 187904K, 42% used [0x00000000a0000000,0x00000000a4d5e620,0x00000000ab780000)
 Metaspace       used 105650K, capacity 110600K, committed 110924K, reserved 1146880K
  class space    used 13182K, capacity 14094K, committed 14208K, reserved 1048576K
}
Event: 3935.441 GC heap before
{Heap before GC invocations=48 (full 4):
 PSYoungGen      total 490496K, used 483082K [0x00000000e0000000, 0x0000000100000000, 0x0000000100000000)
  eden space 457728K, 100% used [0x00000000e0000000,0x00000000fbf00000,0x00000000fbf00000)
  from space 32768K, 77% used [0x00000000fbf00000,0x00000000fd7c2b40,0x00000000fdf00000)
  to   space 33792K, 0% used [0x00000000fdf00000,0x00000000fdf00000,0x0000000100000000)
 ParOldGen       total 187904K, used 79225K [0x00000000a0000000, 0x00000000ab780000, 0x00000000e0000000)
  object space 187904K, 42% used [0x00000000a0000000,0x00000000a4d5e620,0x00000000ab780000)
 Metaspace       used 105675K, capacity 110600K, committed 110924K, reserved 1146880K
  class space    used 13182K, capacity 14094K, committed 14208K, reserved 1048576K
Event: 3935.479 GC heap after
Heap after GC invocations=48 (full 4):
 PSYoungGen      total 488448K, used 26005K [0x00000000e0000000, 0x0000000100000000, 0x0000000100000000)
  eden space 454656K, 0% used [0x00000000e0000000,0x00000000e0000000,0x00000000fbc00000)
  from space 33792K, 76% used [0x00000000fdf00000,0x00000000ff8656a8,0x0000000100000000)
  to   space 34816K, 0% used [0x00000000fbc00000,0x00000000fbc00000,0x00000000fde00000)
 ParOldGen       total 187904K, used 79225K [0x00000000a0000000, 0x00000000ab780000, 0x00000000e0000000)
  object space 187904K, 42% used [0x00000000a0000000,0x00000000a4d5e620,0x00000000ab780000)
 Metaspace       used 105675K, capacity 110600K, committed 110924K, reserved 1146880K
  class space    used 13182K, capacity 14094K, committed 14208K, reserved 1048576K
}
Event: 3938.770 GC heap before
{Heap before GC invocations=49 (full 4):
 PSYoungGen      total 488448K, used 480661K [0x00000000e0000000, 0x0000000100000000, 0x0000000100000000)
  eden space 454656K, 100% used [0x00000000e0000000,0x00000000fbc00000,0x00000000fbc00000)
  from space 33792K, 76% used [0x00000000fdf00000,0x00000000ff8656a8,0x0000000100000000)
  to   space 34816K, 0% used [0x00000000fbc00000,0x00000000fbc00000,0x00000000fde00000)
 ParOldGen       total 187904K, used 79225K [0x00000000a0000000, 0x00000000ab780000, 0x00000000e0000000)
  object space 187904K, 42% used [0x00000000a0000000,0x00000000a4d5e620,0x00000000ab780000)
 Metaspace       used 105692K, capacity 110600K, committed 110924K, reserved 1146880K
  class space    used 13183K, capacity 14094K, committed 14208K, reserved 1048576K
Event: 3938.877 GC heap after
Heap after GC invocations=49 (full 4):
 PSYoungGen      total 481280K, used 26583K [0x00000000e0000000, 0x0000000100000000, 0x0000000100000000)
  eden space 454656K, 0% used [0x00000000e0000000,0x00000000e0000000,0x00000000fbc00000)
  from space 26624K, 99% used [0x00000000fbc00000,0x00000000fd5f5f58,0x00000000fd600000)
  to   space 35328K, 0% used [0x00000000fdd80000,0x00000000fdd80000,0x0000000100000000)
 ParOldGen       total 187904K, used 79225K [0x00000000a0000000, 0x00000000ab780000, 0x00000000e0000000)
  object space 187904K, 42% used [0x00000000a0000000,0x00000000a4d5e620,0x00000000ab780000)
 Metaspace       used 105692K, capacity 110600K, committed 110924K, reserved 1146880K
  class space    used 13183K, capacity 14094K, committed 14208K, reserved 1048576K
}
Event: 3941.971 GC heap before
{Heap before GC invocations=50 (full 4):
 PSYoungGen      total 481280K, used 481239K [0x00000000e0000000, 0x0000000100000000, 0x0000000100000000)
  eden space 454656K, 100% used [0x00000000e0000000,0x00000000fbc00000,0x00000000fbc00000)
  from space 26624K, 99% used [0x00000000fbc00000,0x00000000fd5f5f58,0x00000000fd600000)
  to   space 35328K, 0% used [0x00000000fdd80000,0x00000000fdd80000,0x0000000100000000)
 ParOldGen       total 187904K, used 79225K [0x00000000a0000000, 0x00000000ab780000, 0x00000000e0000000)
  object space 187904K, 42% used [0x00000000a0000000,0x00000000a4d5e620,0x00000000ab780000)
 Metaspace       used 105711K, capacity 110600K, committed 110924K, reserved 1146880K
  class space    used 13185K, capacity 14094K, committed 14208K, reserved 1048576K
Event: 3942.047 GC heap after
Heap after GC invocations=50 (full 4):
 PSYoungGen      total 486912K, used 27599K [0x00000000e0000000, 0x0000000100000000, 0x0000000100000000)
  eden space 451584K, 0% used [0x00000000e0000000,0x00000000e0000000,0x00000000fb900000)
  from space 35328K, 78% used [0x00000000fdd80000,0x00000000ff873f28,0x0000000100000000)
  to   space 36352K, 0% used [0x00000000fb900000,0x00000000fb900000,0x00000000fdc80000)
 ParOldGen       total 187904K, used 79257K [0x00000000a0000000, 0x00000000ab780000, 0x00000000e0000000)
  object space 187904K, 42% used [0x00000000a0000000,0x00000000a4d66620,0x00000000ab780000)
 Metaspace       used 105711K, capacity 110600K, committed 110924K, reserved 1146880K
  class space    used 13185K, capacity 14094K, committed 14208K, reserved 1048576K
}
Event: 3944.532 GC heap before
{Heap before GC invocations=51 (full 4):
 PSYoungGen      total 486912K, used 479183K [0x00000000e0000000, 0x0000000100000000, 0x0000000100000000)
  eden space 451584K, 100% used [0x00000000e0000000,0x00000000fb900000,0x00000000fb900000)
  from space 35328K, 78% used [0x00000000fdd80000,0x00000000ff873f28,0x0000000100000000)
  to   space 36352K, 0% used [0x00000000fb900000,0x00000000fb900000,0x00000000fdc80000)
 ParOldGen       total 187904K, used 79257K [0x00000000a0000000, 0x00000000ab780000, 0x00000000e0000000)
  object space 187904K, 42% used [0x00000000a0000000,0x00000000a4d66620,0x00000000ab780000)
 Metaspace       used 105716K, capacity 110632K, committed 110924K, reserved 1146880K
  class space    used 13186K, capacity 14126K, committed 14208K, reserved 1048576K
Event: 3944.677 GC heap after
Heap after GC invocations=51 (full 4):
 PSYoungGen      total 481280K, used 29521K [0x00000000e0000000, 0x0000000100000000, 0x0000000100000000)
  eden space 451584K, 0% used [0x00000000e0000000,0x00000000e0000000,0x00000000fb900000)
  from space 29696K, 99% used [0x00000000fb900000,0x00000000fd5d4768,0x00000000fd600000)
  to   space 37888K, 0% used [0x00000000fdb00000,0x00000000fdb00000,0x0000000100000000)
 ParOldGen       total 187904K, used 80601K [0x00000000a0000000, 0x00000000ab780000, 0x00000000e0000000)
  object space 187904K, 42% used [0x00000000a0000000,0x00000000a4eb6650,0x00000000ab780000)
 Metaspace       used 105716K, capacity 110632K, committed 110924K, reserved 1146880K
  class space    used 13186K, capacity 14126K, committed 14208K, reserved 1048576K
}

